2017-06-21 11:24:00,270 - Log4JLogChute initialized using file 'velocity.log'
2017-06-21 11:24:00,270 - Starting Apache Velocity v1.5 (compiled: 2007-02-22 08:52:29)
2017-06-21 11:24:00,271 - Default Properties File: org\apache\velocity\runtime\defaults\velocity.properties
2017-06-21 11:24:00,271 - Trying to use logger class org.apache.velocity.runtime.log.AvalonLogChute
2017-06-21 11:24:00,271 - Couldn't find class org.apache.velocity.runtime.log.AvalonLogChute or necessary supporting classes in classpath.
java.lang.NoClassDefFoundError: org/apache/log/format/Formatter
	at java.lang.Class.forName0(Native Method)
	at java.lang.Class.forName(Unknown Source)
	at org.apache.velocity.util.ClassUtils.getClass(ClassUtils.java:63)
	at org.apache.velocity.util.ClassUtils.getNewInstance(ClassUtils.java:95)
	at org.apache.velocity.runtime.log.LogManager.createLogChute(LogManager.java:147)
	at org.apache.velocity.runtime.log.LogManager.updateLog(LogManager.java:208)
	at org.apache.velocity.runtime.RuntimeInstance.initializeLog(RuntimeInstance.java:728)
	at org.apache.velocity.runtime.RuntimeInstance.init(RuntimeInstance.java:240)
	at org.apache.velocity.runtime.RuntimeSingleton.init(RuntimeSingleton.java:113)
	at org.apache.velocity.app.Velocity.init(Velocity.java:83)
	at org.mule.tooling.ui.contribution.munit.MunitResourceUtils.createXMLConfigurationFromTemplate(MunitResourceUtils.java:205)
	at org.mule.tooling.ui.contribution.munit.wizards.NewTestSuiteWizard.doFinish(NewTestSuiteWizard.java:175)
	at org.mule.tooling.ui.contribution.munit.wizards.NewTestSuiteWizard$1.run(NewTestSuiteWizard.java:108)
	at org.eclipse.jface.operation.ModalContext.runInCurrentThread(ModalContext.java:463)
	at org.eclipse.jface.operation.ModalContext.run(ModalContext.java:371)
	at org.eclipse.jface.wizard.WizardDialog.run(WizardDialog.java:1002)
	at org.mule.tooling.ui.contribution.munit.wizards.NewTestSuiteWizard.performFinish(NewTestSuiteWizard.java:115)
	at org.eclipse.jface.wizard.WizardDialog.finishPressed(WizardDialog.java:799)
	at org.eclipse.jface.wizard.WizardDialog.buttonPressed(WizardDialog.java:429)
	at org.eclipse.jface.dialogs.Dialog$2.widgetSelected(Dialog.java:619)
	at org.eclipse.swt.widgets.TypedListener.handleEvent(TypedListener.java:248)
	at org.eclipse.swt.widgets.EventTable.sendEvent(EventTable.java:84)
	at org.eclipse.swt.widgets.Display.sendEvent(Display.java:4362)
	at org.eclipse.swt.widgets.Widget.sendEvent(Widget.java:1113)
	at org.eclipse.swt.widgets.Display.runDeferredEvents(Display.java:4180)
	at org.eclipse.swt.widgets.Display.readAndDispatch(Display.java:3769)
	at org.eclipse.jface.window.Window.runEventLoop(Window.java:827)
	at org.eclipse.jface.window.Window.open(Window.java:803)
	at org.mule.tooling.ui.contribution.munit.wizards.NewTestSuiteWizardOpenner.open(NewTestSuiteWizardOpenner.java:49)
	at org.mule.tooling.ui.contribution.munit.actions.CreateNewTestSuiteWizardAction.run(CreateNewTestSuiteWizardAction.java:41)
	at org.eclipse.jface.action.Action.runWithEvent(Action.java:473)
	at org.eclipse.jface.action.ActionContributionItem.handleWidgetSelection(ActionContributionItem.java:595)
	at org.eclipse.jface.action.ActionContributionItem.access$2(ActionContributionItem.java:511)
	at org.eclipse.jface.action.ActionContributionItem$5.handleEvent(ActionContributionItem.java:420)
	at org.eclipse.swt.widgets.EventTable.sendEvent(EventTable.java:84)
	at org.eclipse.swt.widgets.Display.sendEvent(Display.java:4362)
	at org.eclipse.swt.widgets.Widget.sendEvent(Widget.java:1113)
	at org.eclipse.swt.widgets.Display.runDeferredEvents(Display.java:4180)
	at org.eclipse.swt.widgets.Display.readAndDispatch(Display.java:3769)
	at org.eclipse.e4.ui.internal.workbench.swt.PartRenderingEngine$4.run(PartRenderingEngine.java:1127)
	at org.eclipse.core.databinding.observable.Realm.runWithDefault(Realm.java:337)
	at org.eclipse.e4.ui.internal.workbench.swt.PartRenderingEngine.run(PartRenderingEngine.java:1018)
	at org.eclipse.e4.ui.internal.workbench.E4Workbench.createAndRunUI(E4Workbench.java:156)
	at org.eclipse.ui.internal.Workbench$5.run(Workbench.java:694)
	at org.eclipse.core.databinding.observable.Realm.runWithDefault(Realm.java:337)
	at org.eclipse.ui.internal.Workbench.createAndRunWorkbench(Workbench.java:606)
	at org.eclipse.ui.PlatformUI.createAndRunWorkbench(PlatformUI.java:150)
	at org.eclipse.ui.internal.ide.application.IDEApplication.start(IDEApplication.java:139)
	at org.eclipse.equinox.internal.app.EclipseAppHandle.run(EclipseAppHandle.java:196)
	at org.eclipse.core.runtime.internal.adaptor.EclipseAppLauncher.runApplication(EclipseAppLauncher.java:134)
	at org.eclipse.core.runtime.internal.adaptor.EclipseAppLauncher.start(EclipseAppLauncher.java:104)
	at org.eclipse.core.runtime.adaptor.EclipseStarter.run(EclipseStarter.java:380)
	at org.eclipse.core.runtime.adaptor.EclipseStarter.run(EclipseStarter.java:235)
	at sun.reflect.NativeMethodAccessorImpl.invoke0(Native Method)
	at sun.reflect.NativeMethodAccessorImpl.invoke(Unknown Source)
	at sun.reflect.DelegatingMethodAccessorImpl.invoke(Unknown Source)
	at java.lang.reflect.Method.invoke(Unknown Source)
	at org.eclipse.equinox.launcher.Main.invokeFramework(Main.java:669)
	at org.eclipse.equinox.launcher.Main.basicRun(Main.java:608)
	at org.eclipse.equinox.launcher.Main.run(Main.java:1515)
Caused by: java.lang.ClassNotFoundException: org.apache.log.format.Formatter cannot be found by org.apache.velocity_1.5.0.v200905192330
	at org.eclipse.osgi.internal.loader.BundleLoader.findClassInternal(BundleLoader.java:439)
	at org.eclipse.osgi.internal.loader.BundleLoader.findClass(BundleLoader.java:352)
	at org.eclipse.osgi.internal.loader.BundleLoader.findClass(BundleLoader.java:344)
	at org.eclipse.osgi.internal.loader.ModuleClassLoader.loadClass(ModuleClassLoader.java:160)
	at java.lang.ClassLoader.loadClass(Unknown Source)
	... 60 more
2017-06-21 11:24:00,274 - Trying to use logger class org.apache.velocity.runtime.log.Log4JLogChute
2017-06-21 11:24:00,274 - Using logger class org.apache.velocity.runtime.log.Log4JLogChute
2017-06-21 11:24:00,277 - Default ResourceManager initializing. (class org.apache.velocity.runtime.resource.ResourceManagerImpl)
2017-06-21 11:24:00,281 - ResourceLoader instantiated: org.apache.velocity.runtime.resource.loader.FileResourceLoader
2017-06-21 11:24:00,283 - Do unicode file recognition:  false
2017-06-21 11:24:00,283 - FileResourceLoader : adding path '.'
2017-06-21 11:24:00,294 - ResourceCache: initialized (class org.apache.velocity.runtime.resource.ResourceCacheImpl)
2017-06-21 11:24:00,295 - Loaded System Directive: org.apache.velocity.runtime.directive.Literal
2017-06-21 11:24:00,297 - Loaded System Directive: org.apache.velocity.runtime.directive.Macro
2017-06-21 11:24:00,298 - Loaded System Directive: org.apache.velocity.runtime.directive.Parse
2017-06-21 11:24:00,300 - Loaded System Directive: org.apache.velocity.runtime.directive.Include
2017-06-21 11:24:00,301 - Loaded System Directive: org.apache.velocity.runtime.directive.Foreach
2017-06-21 11:24:00,332 - Created '20' parsers.
2017-06-21 11:24:00,338 - Velocimacro : "velocimacro.library" is not set.  Trying default library: VM_global_library.vm
2017-06-21 11:24:00,338 - Velocimacro : Default library not found.
2017-06-21 11:24:00,339 - Velocimacro : allowInline = true : VMs can be defined inline in templates
2017-06-21 11:24:00,339 - Velocimacro : allowInlineToOverride = false : VMs defined inline may NOT replace previous VM definitions
2017-06-21 11:24:00,339 - Velocimacro : allowInlineLocal = false : VMs defined inline will be global in scope if allowed.
2017-06-21 11:24:00,339 - Velocimacro : autoload off : VM system will not automatically reload global library macros
